2017-10-29 06:04:29,332 - INFO - args: (<__main__.Client object at 0x0000000001EAE0B8>,) = <socket.socket fd=264, family=AddressFamily.AF_INET, type=SocketKind.SOCK_STREAM, proto=0, laddr=('127.0.0.1', 50220), raddr=('127.0.0.1', 7777)> - _connect - __main__
2017-10-29 06:07:15,754 - INFO - args: (<__main__.Client object at 0x0000000001EAE2B0>,) = <socket.socket fd=264, family=AddressFamily.AF_INET, type=SocketKind.SOCK_STREAM, proto=0, laddr=('127.0.0.1', 50222), raddr=('127.0.0.1', 7777)> - _connect - __main__
2017-10-29 06:07:15,754 - INFO - args: (<__main__.Client object at 0x000000000289E2B0>,) = <socket.socket fd=264, family=AddressFamily.AF_INET, type=SocketKind.SOCK_STREAM, proto=0, laddr=('127.0.0.1', 50223), raddr=('127.0.0.1', 7777)> - _connect - __main__
2017-10-29 06:21:48,878 - INFO - args: (<__main__.Client object at 0x00000000004CE0B8>,) = <socket.socket fd=264, family=AddressFamily.AF_INET, type=SocketKind.SOCK_STREAM, proto=0, laddr=('127.0.0.1', 50227), raddr=('127.0.0.1', 7777)> - _connect - __main__
2017-10-29 06:23:01,978 - INFO - args: (<__main__.Client object at 0x0000000001ECE2B0>,) = <socket.socket fd=264, family=AddressFamily.AF_INET, type=SocketKind.SOCK_STREAM, proto=0, laddr=('127.0.0.1', 50228), raddr=('127.0.0.1', 7777)> - _connect - __main__
2017-10-29 06:23:02,009 - INFO - args: (<__main__.Client object at 0x00000000021FE2B0>,) = <socket.socket fd=264, family=AddressFamily.AF_INET, type=SocketKind.SOCK_STREAM, proto=0, laddr=('127.0.0.1', 50229), raddr=('127.0.0.1', 7777)> - _connect - __main__
2017-10-29 06:26:13,589 - INFO - args: (<__main__.Client object at 0x000000000222E0B8>,) = <socket.socket fd=264, family=AddressFamily.AF_INET, type=SocketKind.SOCK_STREAM, proto=0, laddr=('127.0.0.1', 50230), raddr=('127.0.0.1', 7777)> - _connect - __main__
2017-10-29 06:27:04,570 - INFO - args: (<__main__.Client object at 0x000000000220E0B8>,) = <socket.socket fd=264, family=AddressFamily.AF_INET, type=SocketKind.SOCK_STREAM, proto=0, laddr=('127.0.0.1', 50231), raddr=('127.0.0.1', 7777)> - _connect - __main__
2017-10-29 06:30:05,803 - INFO - args: (<__main__.Client object at 0x0000000001DDE0B8>,) = <socket.socket fd=264, family=AddressFamily.AF_INET, type=SocketKind.SOCK_STREAM, proto=0, laddr=('127.0.0.1', 50232), raddr=('127.0.0.1', 7777)> - _connect - __main__
2017-10-29 06:40:34,582 - INFO - args: (<__main__.Client object at 0x0000000001DEE0B8>,) = <socket.socket fd=264, family=AddressFamily.AF_INET, type=SocketKind.SOCK_STREAM, proto=0, laddr=('127.0.0.1', 50235), raddr=('127.0.0.1', 7777)> - _connect - __main__
2017-10-29 06:46:21,422 - INFO - args: (<__main__.Client object at 0x0000000001FBE0B8>,) = <socket.socket fd=264, family=AddressFamily.AF_INET, type=SocketKind.SOCK_STREAM, proto=0, laddr=('127.0.0.1', 50236), raddr=('127.0.0.1', 7777)> - _connect - __main__
2017-10-29 06:47:17,022 - INFO - args: (<__main__.Client object at 0x00000000028AE0B8>,) = <socket.socket fd=264, family=AddressFamily.AF_INET, type=SocketKind.SOCK_STREAM, proto=0, laddr=('127.0.0.1', 50237), raddr=('127.0.0.1', 7777)> - _connect - __main__
2017-10-29 06:52:24,045 - INFO - args: (<__main__.Client object at 0x0000000001ECE0B8>,) = <socket.socket fd=264, family=AddressFamily.AF_INET, type=SocketKind.SOCK_STREAM, proto=0, laddr=('127.0.0.1', 50243), raddr=('127.0.0.1', 7777)> - _connect - __main__
2017-10-29 06:53:02,084 - INFO - args: (<__main__.Client object at 0x00000000028BE0B8>,) = <socket.socket fd=264, family=AddressFamily.AF_INET, type=SocketKind.SOCK_STREAM, proto=0, laddr=('127.0.0.1', 50244), raddr=('127.0.0.1', 7777)> - _connect - __main__
2017-10-29 06:58:12,639 - INFO - args: (<__main__.Client object at 0x000000000289E0B8>,) = <socket.socket fd=268, family=AddressFamily.AF_INET, type=SocketKind.SOCK_STREAM, proto=0, laddr=('127.0.0.1', 50246), raddr=('127.0.0.1', 7777)> - _connect - __main__
2017-10-29 07:00:18,812 - INFO - args: (<__main__.Client object at 0x00000000028BE0B8>,) = <socket.socket fd=260, family=AddressFamily.AF_INET, type=SocketKind.SOCK_STREAM, proto=0, laddr=('127.0.0.1', 50249), raddr=('127.0.0.1', 7777)> - _connect - __main__
2017-10-29 07:03:20,584 - INFO - args: (<__main__.Client object at 0x00000000028DE0B8>,) = <socket.socket fd=260, family=AddressFamily.AF_INET, type=SocketKind.SOCK_STREAM, proto=0, laddr=('127.0.0.1', 50250), raddr=('127.0.0.1', 7777)> - _connect - __main__
2017-10-29 07:11:05,126 - INFO - args: (<__main__.Client object at 0x000000000223E0B8>,) = <socket.socket fd=260, family=AddressFamily.AF_INET, type=SocketKind.SOCK_STREAM, proto=0, laddr=('127.0.0.1', 50379), raddr=('127.0.0.1', 7777)> - _connect - __main__
2017-10-29 07:12:29,744 - INFO - args: (<__main__.Client object at 0x0000000001FBE0B8>,) = <socket.socket fd=260, family=AddressFamily.AF_INET, type=SocketKind.SOCK_STREAM, proto=0, laddr=('127.0.0.1', 50380), raddr=('127.0.0.1', 7777)> - _connect - __main__
2017-10-29 07:21:03,803 - INFO - args: (<__main__.Client object at 0x00000000028DE2B0>,) = <socket.socket fd=260, family=AddressFamily.AF_INET, type=SocketKind.SOCK_STREAM, proto=0, laddr=('127.0.0.1', 50384), raddr=('127.0.0.1', 7777)> - _connect - __main__
2017-10-29 07:21:03,945 - INFO - args: (<__main__.Client object at 0x0000000001F0E2B0>,) = <socket.socket fd=260, family=AddressFamily.AF_INET, type=SocketKind.SOCK_STREAM, proto=0, laddr=('127.0.0.1', 50385), raddr=('127.0.0.1', 7777)> - _connect - __main__
2017-10-29 07:23:19,811 - INFO - args: (<__main__.Client object at 0x000000000288E0B8>,) = <socket.socket fd=268, family=AddressFamily.AF_INET, type=SocketKind.SOCK_STREAM, proto=0, laddr=('127.0.0.1', 50388), raddr=('127.0.0.1', 7777)> - _connect - __main__
2017-10-29 07:23:19,842 - INFO - args: (<__main__.Client object at 0x00000000006DE0B8>,) = <socket.socket fd=268, family=AddressFamily.AF_INET, type=SocketKind.SOCK_STREAM, proto=0, laddr=('127.0.0.1', 50389), raddr=('127.0.0.1', 7777)> - _connect - __main__
2017-10-29 09:49:18,115 - INFO - args: (<client.Client object at 0x0000000002FA9CC0>,)  - connect - client
2017-10-29 09:49:41,568 - INFO - args: (<client.Client object at 0x0000000002F6A4A8>,)  - connect - client
2017-10-29 09:51:19,701 - INFO - args: (<client.Client object at 0x0000000002F4A4A8>,)  - connect - client
2017-10-29 09:53:38,907 - INFO - args: (<__main__.Client object at 0x000000000222E128>,)  - connect - __main__
2017-10-29 09:53:50,546 - INFO - args: (<client.Client object at 0x0000000002FC9CF8>,)  - connect - client
2017-10-29 09:55:38,096 - INFO - args: (<client.Client object at 0x0000000002F7A438>,)  - connect - client
2017-10-29 10:02:42,410 - INFO - args: (<client.Client object at 0x0000000002F99DA0>,)  - connect - client
2017-10-29 10:04:09,773 - INFO - args: (<client.Client object at 0x0000000002F5A550>,)  - connect - client
2017-10-29 10:04:16,559 - INFO - args: (<client.Client object at 0x0000000002F5A550>,)  - connect - client
2017-10-29 10:04:28,922 - INFO - args: (<client.Client object at 0x0000000002F9A550>,)  - connect - client
2017-10-29 10:22:10,544 - INFO - args: (<client.Client object at 0x0000000002F8A588>,)  - connect - client
2017-10-29 10:38:36,512 - INFO - args: (<client.Client object at 0x0000000002F4A5C0>,)  - connect - client
2017-10-29 10:39:06,839 - INFO - args: (<client.Client object at 0x0000000002F7A5C0>,)  - connect - client
2017-10-29 10:39:15,951 - INFO - args: (<client.Client object at 0x0000000002F5A5C0>,)  - connect - client
2017-10-29 10:42:24,528 - INFO - args: (<client.Client object at 0x0000000002F5A5C0>,)  - connect - client
2017-10-29 10:44:56,958 - INFO - args: (<client.Client object at 0x0000000002F8A5C0>,)  - connect - client
2017-10-29 10:45:50,090 - INFO - args: (<client.Client object at 0x0000000002F5A5C0>,)  - connect - client
2017-10-30 14:30:56,361 - INFO - args: (<client.Client object at 0x0000000002F8A5C0>,)  - connect - client
2017-10-30 14:32:04,397 - INFO - args: (<client.Client object at 0x0000000002F6A550>,)  - connect - client
2017-10-30 14:32:39,371 - INFO - args: (<client.Client object at 0x0000000002F6A550>,)  - connect - client
2017-10-30 14:44:12,517 - INFO - args: (<client.Client object at 0x0000000002FC9EF0>,)  - connect - client
2017-10-30 14:44:25,452 - INFO - args: (<client.Client object at 0x0000000002F7A668>,)  - connect - client
2017-10-30 14:44:29,274 - INFO - args: (<client.Client object at 0x0000000002F7A668>,)  - connect - client
2017-10-30 14:44:46,981 - INFO - args: (<client.Client object at 0x0000000002F9A668>,)  - connect - client
2017-10-30 14:44:59,058 - INFO - args: (<client.Client object at 0x0000000002F9A668>,)  - connect - client
2017-10-30 14:45:06,172 - INFO - args: (<client.Client object at 0x0000000002F9A668>,)  - connect - client
2017-10-30 14:45:15,360 - INFO - args: (<client.Client object at 0x0000000002F5A668>,)  - connect - client
2017-10-30 14:45:27,703 - INFO - args: (<client.Client object at 0x0000000002F5A668>,)  - connect - client
2017-10-30 14:45:31,603 - INFO - args: (<client.Client object at 0x0000000002F5A668>,)  - connect - client
2017-10-30 14:45:44,443 - INFO - args: (<client.Client object at 0x0000000002F7A668>,)  - connect - client
2017-10-30 14:45:54,896 - INFO - args: (<client.Client object at 0x0000000002F7A668>,)  - connect - client
2017-10-30 14:47:25,335 - INFO - args: (<client.Client object at 0x0000000002F7A5F8>,)  - connect - client
2017-10-30 14:47:29,382 - INFO - args: (<client.Client object at 0x0000000002F7A5F8>,)  - connect - client
2017-10-30 14:47:45,504 - INFO - args: (<client.Client object at 0x0000000002F6A668>,)  - connect - client
2017-10-30 14:47:52,405 - INFO - args: (<client.Client object at 0x0000000002F6A668>,)  - connect - client
2017-10-30 14:52:38,693 - INFO - args: (<client.Client object at 0x0000000002F5A668>,)  - connect - client
2017-10-30 14:52:41,666 - INFO - args: (<client.Client object at 0x0000000002F5A668>,)  - connect - client
2017-10-30 14:52:55,830 - INFO - args: (<client.Client object at 0x0000000002F5A668>,)  - connect - client
2017-10-30 14:52:58,589 - INFO - args: (<client.Client object at 0x0000000002F5A668>,)  - connect - client
2017-10-30 14:53:05,507 - INFO - args: (<client.Client object at 0x0000000002F4A668>,)  - connect - client
2017-10-30 14:53:14,725 - INFO - args: (<client.Client object at 0x0000000002F4A668>,)  - connect - client
2017-10-30 14:54:09,110 - INFO - args: (<client.Client object at 0x0000000002F4A6A0>,)  - connect - client
2017-10-30 15:41:01,775 - INFO - args: (<client.Client object at 0x0000000002F6A7F0>,)  - connect - client
2017-10-30 15:41:21,804 - INFO - args: (<client.Client object at 0x0000000002F5A7B8>,)  - connect - client
2017-10-30 15:45:49,607 - INFO - args: (<client.Client object at 0x0000000002F7A7B8>,)  - connect - client
2017-10-30 15:46:10,447 - INFO - args: (<client.Client object at 0x0000000002F7C828>,)  - connect - client
2017-10-30 15:47:37,929 - INFO - args: (<client.Client object at 0x0000000002F8C828>,)  - connect - client
2017-10-30 15:47:47,752 - INFO - args: (<client.Client object at 0x0000000002F7C828>,)  - connect - client
2017-10-30 16:04:51,335 - INFO - args: (<client.Client object at 0x0000000002F5C828>,)  - connect - client
2017-10-30 16:12:50,558 - INFO - args: (<client.Client object at 0x0000000002F4C828>,)  - connect - client
2017-10-30 16:12:54,603 - INFO - args: (<client.Client object at 0x0000000002F4C828>,)  - connect - client
2017-10-30 16:13:03,806 - INFO - args: (<client.Client object at 0x0000000002F4C828>,)  - connect - client
2017-10-30 16:15:05,542 - INFO - args: (<__main__.Client object at 0x000000000220E198>,)  - connect - __main__
2017-10-30 16:15:40,040 - INFO - args: (<__main__.Client object at 0x000000000221E198>,)  - connect - __main__
2017-10-30 16:16:08,273 - INFO - args: (<__main__.Client object at 0x00000000028BE198>,)  - connect - __main__
2017-10-30 16:16:24,149 - INFO - args: (<__main__.Client object at 0x0000000001EAE198>,)  - connect - __main__
2017-10-30 16:17:30,728 - INFO - args: (<__main__.Client object at 0x00000000022FE198>,)  - connect - __main__
2017-10-30 16:17:58,211 - INFO - args: (<__main__.Client object at 0x00000000028AE198>,)  - connect - __main__
2017-10-30 16:18:28,008 - INFO - args: (<__main__.Client object at 0x00000000006AE198>,)  - connect - __main__
2017-10-30 16:19:03,198 - INFO - args: (<__main__.Client object at 0x00000000022EE198>,)  - connect - __main__
2017-10-30 16:19:45,881 - INFO - args: (<__main__.Client object at 0x00000000028BE198>,)  - connect - __main__
2017-10-30 16:20:37,117 - INFO - args: (<__main__.Client object at 0x00000000028BE198>,)  - connect - __main__
2017-10-30 16:21:33,993 - INFO - args: (<__main__.Client object at 0x00000000022EE198>,)  - connect - __main__
2017-10-30 16:23:06,946 - INFO - args: (<__main__.Client object at 0x00000000028DE198>,)  - connect - __main__
2017-10-30 16:23:50,665 - INFO - args: (<__main__.Client object at 0x00000000028FE198>,)  - connect - __main__
2017-10-30 16:47:46,141 - INFO - args: (<client.Client object at 0x0000000002F4A828>,)  - connect - client
2017-10-30 16:55:28,554 - INFO - args: (<client.Client object at 0x0000000002FB1128>,)  - connect - client
2017-10-30 16:55:51,268 - INFO - args: (<client.Client object at 0x0000000002FB1128>,)  - connect - client
2017-10-31 19:11:47,631 - INFO - args: (<client.Client object at 0x0000000002FA20F0>,)  - connect - client
2017-10-31 19:12:08,924 - INFO - args: (<client.Client object at 0x0000000002FA20F0>,)  - connect - client
2017-10-31 19:12:14,594 - INFO - args: (<client.Client object at 0x0000000002FA20F0>,)  - connect - client
2017-10-31 19:12:34,108 - INFO - args: (<client.Client object at 0x0000000002F5B7B8>,)  - connect - client
2017-10-31 20:46:37,984 - INFO - args: (<__main__.Client object at 0x0000000001EFE048>,)  - connect - __main__
2017-10-31 20:48:04,916 - INFO - args: (<__main__.Client object at 0x00000000022DE048>,)  - connect - __main__
2017-10-31 21:02:42,017 - INFO - args: (<client.Client object at 0x0000000002FD1198>,)  - connect - client
2017-10-31 21:04:23,429 - INFO - args: (<client.Client object at 0x0000000002F7D860>,)  - connect - client
2017-10-31 21:04:39,363 - INFO - args: (<client.Client object at 0x0000000002F7D860>,)  - connect - client
2017-10-31 21:04:44,543 - INFO - args: (<client.Client object at 0x0000000002F7D860>,)  - connect - client
2017-10-31 21:05:39,264 - INFO - args: (<client.Client object at 0x0000000002F5D860>,)  - connect - client
2017-10-31 21:07:41,918 - INFO - args: (<client.Client object at 0x0000000002F7D860>,)  - connect - client
2017-10-31 21:07:48,631 - INFO - args: (<client.Client object at 0x0000000002F7D860>,)  - connect - client
2017-10-31 21:09:29,276 - INFO - args: (<client.Client object at 0x0000000002F6C898>,)  - connect - client
2017-10-31 21:10:16,421 - INFO - args: (<client.Client object at 0x0000000002F7C898>,)  - connect - client
2017-10-31 21:10:44,791 - INFO - args: (<client.Client object at 0x0000000002F7C898>,)  - connect - client
2017-10-31 21:10:58,219 - INFO - args: (<client.Client object at 0x0000000002F7C898>,)  - connect - client
2017-10-31 21:11:13,683 - INFO - args: (<client.Client object at 0x0000000002F7C898>,)  - connect - client
2017-11-05 10:42:02,792 - INFO - args: (<__main__.Client object at 0x00000000028CC438>,)  - connect - __main__
2017-11-05 10:42:02,964 - INFO - args: (<__main__.Client object at 0x000000000212C438>,)  - connect - __main__
2017-11-05 10:57:36,599 - INFO - args: (<__main__.Client object at 0x000000000223C438>,)  - connect - __main__
2017-11-05 10:57:36,692 - INFO - args: (<__main__.Client object at 0x000000000212C438>,)  - connect - __main__
2017-11-05 11:08:49,621 - INFO - args: (<__main__.Client object at 0x00000000021AC438>,)  - connect - __main__
2017-11-05 11:08:49,731 - INFO - args: (<__main__.Client object at 0x00000000028BC438>,)  - connect - __main__
2017-11-05 11:09:45,653 - INFO - args: (<__main__.Client object at 0x00000000028BC240>,)  - connect - __main__
2017-11-05 11:10:41,792 - INFO - args: (<__main__.Client object at 0x00000000028DC240>,)  - connect - __main__
2017-11-05 11:13:43,717 - INFO - args: (<__main__.Client object at 0x00000000021FC240>,)  - connect - __main__
2017-11-05 11:14:36,205 - INFO - args: (<__main__.Client object at 0x000000000212C438>,)  - connect - __main__
2017-11-05 11:14:36,314 - INFO - args: (<__main__.Client object at 0x000000000217C438>,)  - connect - __main__
2017-11-05 11:15:13,209 - INFO - args: (<__main__.Client object at 0x0000000001DEC240>,)  - connect - __main__
2017-11-06 11:02:01,516 - INFO - args: (<__main__.Client object at 0x00000000022EC240>,)  - connect - __main__
2017-11-06 11:05:45,562 - INFO - args: (<__main__.Client object at 0x000000000221C240>,)  - connect - __main__
2017-11-06 11:06:08,619 - INFO - args: (<__main__.Client object at 0x000000000213C240>,)  - connect - __main__
2017-11-06 11:08:05,350 - INFO - args: (<__main__.Client object at 0x00000000022DC400>,)  - connect - __main__
2017-11-06 11:08:51,965 - INFO - args: (<__main__.Client object at 0x00000000028AC438>,)  - connect - __main__
2017-11-06 11:08:52,168 - INFO - args: (<__main__.Client object at 0x00000000028BC438>,)  - connect - __main__
2017-11-06 11:10:42,273 - INFO - args: (<__main__.Client object at 0x00000000028DC438>,)  - connect - __main__
2017-11-06 11:10:42,382 - INFO - args: (<__main__.Client object at 0x00000000028EC438>,)  - connect - __main__
2017-11-06 11:13:17,944 - INFO - args: (<__main__.Client object at 0x0000000001DDC438>,)  - connect - __main__
2017-11-06 11:13:18,053 - INFO - args: (<__main__.Client object at 0x00000000028EC438>,)  - connect - __main__
2017-11-06 11:15:52,535 - INFO - args: (<__main__.Client object at 0x00000000028BC438>,)  - connect - __main__
2017-11-06 11:15:52,660 - INFO - args: (<__main__.Client object at 0x000000000221C438>,)  - connect - __main__
2017-11-06 11:16:31,192 - INFO - args: (<__main__.Client object at 0x00000000028AC438>,)  - connect - __main__
2017-11-06 11:16:31,426 - INFO - args: (<__main__.Client object at 0x000000000223C438>,)  - connect - __main__
2017-11-06 11:30:11,083 - INFO - args: (<__main__.Client object at 0x00000000028AC438>,)  - connect - __main__
2017-11-06 11:30:11,176 - INFO - args: (<__main__.Client object at 0x000000000223C438>,)  - connect - __main__
2017-11-06 11:30:33,984 - INFO - args: (<__main__.Client object at 0x000000000231C240>,)  - connect - __main__
2017-11-06 12:19:28,130 - INFO - args: (<__main__.Client object at 0x00000000028BD240>,)  - connect - __main__
2017-11-06 12:32:05,895 - INFO - args: (<__main__.Client object at 0x00000000028AD240>,)  - connect - __main__
2017-11-06 12:34:24,883 - INFO - args: (<__main__.Client object at 0x000000000224D240>,)  - connect - __main__
2017-11-06 12:35:00,123 - INFO - args: (<__main__.Client object at 0x000000000291D438>,)  - connect - __main__
2017-11-06 12:35:00,357 - INFO - args: (<__main__.Client object at 0x000000000289D438>,)  - connect - __main__
2017-11-06 12:37:09,806 - INFO - args: (<__main__.Client object at 0x00000000028CD240>,)  - connect - __main__
2017-11-06 12:38:07,698 - INFO - args: (<__main__.Client object at 0x000000000289D438>,)  - connect - __main__
2017-11-06 12:38:07,776 - INFO - args: (<__main__.Client object at 0x00000000028AD438>,)  - connect - __main__
2017-11-06 12:38:20,786 - INFO - args: (<__main__.Client object at 0x00000000022FD438>,)  - connect - __main__
2017-11-06 12:38:20,880 - INFO - args: (<__main__.Client object at 0x00000000028CD438>,)  - connect - __main__
2017-11-06 12:53:55,422 - INFO - args: (<__main__.Client object at 0x000000000222D240>,)  - connect - __main__
2017-11-06 12:54:35,139 - INFO - args: (<__main__.Client object at 0x00000000028BD438>,)  - connect - __main__
2017-11-06 12:54:35,248 - INFO - args: (<__main__.Client object at 0x00000000028AD438>,)  - connect - __main__
2017-11-06 12:55:19,630 - INFO - args: (<__main__.Client object at 0x000000000222D438>,)  - connect - __main__
2017-11-06 12:55:19,755 - INFO - args: (<__main__.Client object at 0x0000000001EAD438>,)  - connect - __main__
2017-11-06 12:56:00,284 - INFO - args: (<__main__.Client object at 0x000000000219D240>,)  - connect - __main__
2017-11-06 12:57:24,868 - INFO - args: (<__main__.Client object at 0x000000000290D240>,)  - connect - __main__
2017-11-06 12:57:44,336 - INFO - args: (<__main__.Client object at 0x000000000225D240>,)  - connect - __main__
2017-11-06 12:58:16,129 - INFO - args: (<__main__.Client object at 0x000000000213D240>,)  - connect - __main__
2017-11-06 13:06:28,522 - INFO - args: (<__main__.Client object at 0x00000000021FD438>,)  - connect - __main__
2017-11-06 13:06:28,616 - INFO - args: (<__main__.Client object at 0x000000000226D438>,)  - connect - __main__
2017-11-06 13:08:52,913 - INFO - args: (<__main__.Client object at 0x00000000028CD438>,)  - connect - __main__
2017-11-06 13:08:53,100 - INFO - args: (<__main__.Client object at 0x00000000022CD438>,)  - connect - __main__
2017-11-06 13:16:53,710 - INFO - args: (<__main__.Client object at 0x00000000028DD320>,)  - connect - __main__
2017-11-06 13:19:45,420 - INFO - args: (<__main__.Client object at 0x00000000028AD320>,)  - connect - __main__
2017-11-06 13:20:45,101 - INFO - args: (<__main__.Client object at 0x000000000289D320>,)  - connect - __main__
2017-11-06 13:22:13,568 - INFO - args: (<__main__.Client object at 0x00000000028BD320>,)  - connect - __main__
2017-11-06 13:23:36,117 - INFO - args: (<__main__.Client object at 0x0000000001EAD320>,)  - connect - __main__
2017-11-06 13:25:34,633 - INFO - args: (<__main__.Client object at 0x0000000001EBD320>,)  - connect - __main__
2017-11-06 13:26:17,456 - INFO - args: (<__main__.Client object at 0x00000000028BD320>,)  - connect - __main__
2017-11-06 13:28:59,663 - INFO - args: (<__main__.Client object at 0x000000000288D320>,)  - connect - __main__
2017-11-06 13:30:52,331 - INFO - args: (<__main__.Client object at 0x0000000001ECD320>,)  - connect - __main__
2017-11-06 13:31:39,677 - INFO - args: (<__main__.Client object at 0x000000000289D320>,)  - connect - __main__
2017-11-06 13:32:34,955 - INFO - args: (<__main__.Client object at 0x000000000288D518>,)  - connect - __main__
2017-11-06 13:32:35,033 - INFO - args: (<__main__.Client object at 0x0000000001EAD518>,)  - connect - __main__
2017-11-07 08:23:47,237 - INFO - args: (<client.Client object at 0x0000000002F85DD8>,)  - connect - client
2017-11-07 08:24:17,268 - INFO - args: (<client.Client object at 0x0000000002FA5DD8>,)  - connect - client
2017-11-07 09:23:08,440 - INFO - args: (<client.Client object at 0x0000000001D8A588>,)  - connect - client
2017-11-07 09:23:34,015 - INFO - args: (<client.Client object at 0x0000000001D8A588>,)  - connect - client
2017-11-07 09:25:35,185 - INFO - args: (<client.Client object at 0x000000000277A588>,)  - connect - client
2017-11-07 09:27:13,385 - INFO - args: (<client.Client object at 0x00000000020CA588>,)  - connect - client
2017-11-07 09:28:33,775 - INFO - args: (<client.Client object at 0x0000000001EBC550>,)  - connect - client
2017-11-07 09:28:33,868 - INFO - args: (<client.Client object at 0x000000000224C550>,)  - connect - client
2017-11-07 09:36:00,636 - INFO - args: (<client.Client object at 0x000000000301DE10>,)  - connect - client
2017-11-07 09:36:34,395 - INFO - args: (<client.Client object at 0x000000000301DE10>,)  - connect - client
2017-11-07 09:45:14,405 - INFO - args: (<client.Client object at 0x000000000301DDD8>,)  - connect - client
2017-11-07 09:56:27,286 - INFO - args: (<client.Client object at 0x000000000301DEB8>,)  - connect - client
2017-11-07 09:57:18,955 - INFO - args: (<client.Client object at 0x000000000301DE80>,)  - connect - client
2017-11-07 09:58:35,279 - INFO - args: (<client.Client object at 0x000000000301DE48>,)  - connect - client
2017-11-07 10:00:35,772 - INFO - args: (<client.Client object at 0x000000000302DE10>,)  - connect - client
2017-11-07 10:01:31,546 - INFO - args: (<client.Client object at 0x000000000301DA20>,)  - connect - client
2017-11-07 10:04:09,616 - INFO - args: (<client.Client object at 0x000000000301D9B0>,)  - connect - client
2017-11-07 10:04:55,574 - INFO - args: (<client.Client object at 0x00000000020BA588>,)  - connect - client
2017-11-07 10:06:12,844 - INFO - args: (<client.Client object at 0x000000000301D9E8>,)  - connect - client
2017-11-07 10:06:19,646 - INFO - args: (<client.Client object at 0x000000000045A588>,)  - connect - client
2017-11-07 10:07:05,578 - INFO - args: (<client.Client object at 0x000000000301D9B0>,)  - connect - client
2017-11-07 10:08:22,862 - INFO - args: (<client.Client object at 0x000000000301DE48>,)  - connect - client
2017-11-07 10:09:57,532 - INFO - args: (<client.Client object at 0x0000000003B0ADD8>,)  - connect - client
2017-11-07 10:14:02,651 - INFO - args: (<client.Client object at 0x000000000301DA20>,)  - connect - client
2017-11-07 10:14:02,885 - INFO - args: (<client.Client object at 0x000000000223C518>,)  - connect - client
2017-11-07 10:14:47,131 - INFO - args: (<client.Client object at 0x000000000212C518>,)  - connect - client
2017-11-07 10:14:47,225 - INFO - args: (<client.Client object at 0x000000000301D9B0>,)  - connect - client
2017-11-07 10:15:50,670 - INFO - args: (<client.Client object at 0x00000000028AC518>,)  - connect - client
2017-11-07 10:15:50,795 - INFO - args: (<client.Client object at 0x000000000301D9E8>,)  - connect - client
2017-11-07 10:19:11,400 - INFO - args: (<client.Client object at 0x000000000303D9E8>,)  - connect - client
2017-11-07 10:28:07,145 - INFO - args: (<client.Client object at 0x000000000301D9E8>,)  - connect - client
2017-11-07 10:32:39,259 - INFO - args: (<client.Client object at 0x000000000301D9E8>,)  - connect - client
2017-11-07 10:33:11,664 - INFO - args: (<client.Client object at 0x000000000305DA58>,)  - connect - client
2017-11-07 10:33:26,787 - INFO - args: (<client.Client object at 0x000000000304DA20>,)  - connect - client
2017-11-07 10:33:43,260 - INFO - args: (<client.Client object at 0x000000000301D940>,)  - connect - client
2017-11-07 10:33:55,110 - INFO - args: (<client.Client object at 0x000000000301DA20>,)  - connect - client
2017-11-07 10:39:12,610 - INFO - args: (<client.Client object at 0x00000000006AC518>,)  - connect - client
2017-11-07 10:39:12,782 - INFO - args: (<client.Client object at 0x000000000301DA20>,)  - connect - client
2017-11-07 10:42:26,964 - INFO - args: (<client.Client object at 0x00000000028BC518>,)  - connect - client
2017-11-07 10:42:27,104 - INFO - args: (<client.Client object at 0x000000000301D9E8>,)  - connect - client
2017-11-07 10:43:41,668 - INFO - args: (<client.Client object at 0x00000000022EC518>,)  - connect - client
2017-11-07 10:43:41,840 - INFO - args: (<client.Client object at 0x000000000288C518>,)  - connect - client
2017-11-07 10:43:58,704 - INFO - args: (<client.Client object at 0x00000000028AC518>,)  - connect - client
2017-11-07 10:43:58,828 - INFO - args: (<client.Client object at 0x00000000028BC518>,)  - connect - client
2017-11-07 10:43:58,922 - INFO - args: (<client.Client object at 0x000000000301DA20>,)  - connect - client
2017-11-26 22:52:35,329 - INFO - args: (<client.Client object at 0x01D63350>,)  - connect - client
2017-11-26 22:53:53,941 - INFO - args: (<client.Client object at 0x01CA3330>,)  - connect - client
2017-11-26 22:54:08,341 - INFO - args: (<client.Client object at 0x01823330>,)  - connect - client
2017-11-26 22:54:50,575 - INFO - args: (<client.Client object at 0x01933350>,)  - connect - client
2017-11-26 22:55:04,881 - INFO - args: (<client.Client object at 0x00CA3350>,)  - connect - client
2017-11-26 22:55:13,655 - INFO - args: (<client.Client object at 0x00793350>,)  - connect - client
2017-11-26 23:12:10,406 - INFO - args: (<client.Client object at 0x00CB3350>,)  - connect - client
2017-11-26 23:13:26,963 - INFO - args: (<client.Client object at 0x00D43330>,)  - connect - client
2017-11-26 23:33:45,882 - INFO - args: (<client.Client object at 0x004D3350>,)  - connect - client
2017-11-26 23:43:28,911 - INFO - args: (<client.Client object at 0x01933330>,)  - connect - client
2017-11-26 23:45:54,793 - INFO - args: (<client.Client object at 0x01823350>,)  - connect - client
2017-11-26 23:46:25,023 - INFO - args: (<client.Client object at 0x01833330>,)  - connect - client
2017-11-26 23:47:36,664 - INFO - args: (<client.Client object at 0x01EA3330>,)  - connect - client
2017-11-26 23:48:14,127 - INFO - args: (<client.Client object at 0x00DC3330>,)  - connect - client
2017-11-26 23:49:54,533 - INFO - args: (<client.Client object at 0x01303330>,)  - connect - client
2017-11-26 23:50:57,547 - INFO - args: (<client.Client object at 0x01413310>,)  - connect - client
2017-11-26 23:52:23,874 - INFO - args: (<client.Client object at 0x00CA3330>,)  - connect - client
2017-11-26 23:52:32,967 - INFO - args: (<client.Client object at 0x00ED3310>,)  - connect - client
2017-11-26 23:53:52,409 - INFO - args: (<client.Client object at 0x01853330>,)  - connect - client
2017-11-26 23:54:00,166 - INFO - args: (<client.Client object at 0x00CA3330>,)  - connect - client
2017-11-26 23:54:10,588 - INFO - args: (<client.Client object at 0x017D3310>,)  - connect - client
2017-11-26 23:54:58,167 - INFO - args: (<client.Client object at 0x01803330>,)  - connect - client
2017-11-26 23:59:30,185 - INFO - args: (<client.Client object at 0x00983310>,)  - connect - client
2017-11-27 00:01:17,499 - INFO - args: (<client.Client object at 0x01973330>,)  - connect - client
2017-11-27 00:02:01,749 - INFO - args: (<client.Client object at 0x01853330>,)  - connect - client
2017-11-27 00:02:17,470 - INFO - args: (<client.Client object at 0x00583330>,)  - connect - client
2017-11-27 00:02:40,805 - INFO - args: (<client.Client object at 0x03413330>,)  - connect - client
2017-11-27 00:03:33,508 - INFO - args: (<client.Client object at 0x00CA3350>,)  - connect - client
2017-11-27 00:04:17,311 - INFO - args: (<client.Client object at 0x01813330>,)  - connect - client
2017-11-27 00:04:53,726 - INFO - args: (<client.Client object at 0x01843350>,)  - connect - client
2017-11-27 00:05:15,458 - INFO - args: (<client.Client object at 0x00CB3330>,)  - connect - client
2017-11-27 00:06:01,989 - INFO - args: (<client.Client object at 0x01DB3330>,)  - connect - client
2017-11-27 00:06:26,270 - INFO - args: (<client.Client object at 0x00CA3330>,)  - connect - client
2017-11-27 00:06:57,262 - INFO - args: (<client.Client object at 0x017E3330>,)  - connect - client
2017-11-27 00:07:16,186 - INFO - args: (<client.Client object at 0x01933330>,)  - connect - client
2017-11-27 10:48:11,342 - INFO - args: (<client.Client object at 0x03E78FD0>,)  - connect - client
2017-11-27 10:48:25,148 - INFO - args: (<client.Client object at 0x03E78FB0>,)  - connect - client
2017-11-27 10:50:56,083 - INFO - args: (<client.Client object at 0x01843310>,)  - connect - client
2017-11-27 11:11:03,778 - INFO - args: (<client.Client object at 0x01803330>,)  - connect - client
2017-11-27 11:20:41,765 - INFO - args: (<client.Client object at 0x00CA3350>,)  - connect - client
2017-11-27 11:21:06,973 - INFO - args: (<client.Client object at 0x01ED3350>,)  - connect - client
2017-11-27 17:20:22,954 - INFO - args: (<client.Client object at 0x00CA3350>,)  - connect - client
2017-11-27 17:22:05,756 - INFO - args: (<client.Client object at 0x00913330>,)  - connect - client
2017-11-27 17:22:37,105 - INFO - args: (<client.Client object at 0x004E3350>,)  - connect - client
2017-11-27 17:30:51,682 - INFO - args: (<client.Client object at 0x01803310>,)  - connect - client
2017-11-27 17:31:05,369 - INFO - args: (<client.Client object at 0x03543310>,)  - connect - client
2017-11-27 17:31:25,623 - INFO - args: (<client.Client object at 0x01243350>,)  - connect - client
2017-11-27 17:31:27,251 - INFO - args: (<client.Client object at 0x01803350>,)  - connect - client
2017-11-27 17:31:34,327 - INFO - args: (<client.Client object at 0x039D3330>,)  - connect - client
2017-11-27 17:33:53,013 - INFO - args: (<client.Client object at 0x01C4AAD0>,)  - connect - client
2017-11-27 17:39:25,020 - INFO - args: (<client.Client object at 0x01C2AAD0>,)  - connect - client
2017-11-27 17:39:43,623 - INFO - args: (<client.Client object at 0x03C3BB30>,)  - connect - client
2017-11-27 21:25:19,816 - INFO - args: (<client.Client object at 0x003E3330>,)  - connect - client
2017-11-27 21:25:29,565 - INFO - args: (<client.Client object at 0x01663350>,)  - connect - client
2017-11-27 21:26:04,436 - INFO - args: (<client.Client object at 0x01123330>,)  - connect - client
2017-11-27 21:26:24,519 - INFO - args: (<client.Client object at 0x03753330>,)  - connect - client
2017-11-30 01:37:45,469 - INFO - args: (<client.Client object at 0x0408B810>,)  - connect - client
2017-11-30 01:38:12,714 - INFO - args: (<client.Client object at 0x00403410>,)  - connect - client
2017-11-30 01:43:24,091 - INFO - args: (<client.Client object at 0x039B3910>,)  - connect - client
2017-11-30 01:43:46,762 - INFO - args: (<client.Client object at 0x00AA46F0>,)  - connect - client
2017-12-02 13:46:18,437 - INFO - args: (<client.Client object at 0x05D239B0>,)  - connect - client
2017-12-02 13:46:30,946 - INFO - args: (<client.Client object at 0x05952410>,)  - connect - client
2017-12-02 13:48:29,633 - INFO - args: (<client.Client object at 0x05A723F0>,)  - connect - client
2017-12-02 13:49:16,891 - INFO - args: (<client.Client object at 0x05B62410>,)  - connect - client
2017-12-02 13:50:50,659 - INFO - args: (<client.Client object at 0x05AE23F0>,)  - connect - client
2017-12-02 13:51:16,525 - INFO - args: (<client.Client object at 0x061723F0>,)  - connect - client
2017-12-02 13:52:40,736 - INFO - args: (<client.Client object at 0x05F72410>,)  - connect - client
2017-12-02 13:52:48,505 - INFO - args: (<client.Client object at 0x05E22410>,)  - connect - client
2017-12-02 13:52:58,837 - INFO - args: (<client.Client object at 0x05952410>,)  - connect - client
2017-12-02 13:53:24,075 - INFO - args: (<client.Client object at 0x06642410>,)  - connect - client
2017-12-02 13:53:51,259 - INFO - args: (<client.Client object at 0x06772410>,)  - connect - client
2017-12-02 13:54:02,080 - INFO - args: (<client.Client object at 0x06582410>,)  - connect - client
2017-12-02 13:54:44,762 - INFO - args: (<client.Client object at 0x057D2410>,)  - connect - client
2017-12-02 13:55:10,599 - INFO - args: (<client.Client object at 0x057D2410>,)  - connect - client
2017-12-02 13:55:36,303 - INFO - args: (<client.Client object at 0x066F2410>,)  - connect - client
2017-12-02 13:55:57,462 - INFO - args: (<client.Client object at 0x057D2430>,)  - connect - client
2017-12-02 15:05:46,942 - INFO - args: (<client.Client object at 0x06F9DF90>,)  - connect - client
2017-12-02 15:06:08,240 - INFO - args: (<client.Client object at 0x013646F0>,)  - connect - client
2017-12-02 21:46:25,898 - INFO - args: (<client.Client object at 0x008C46F0>,)  - connect - client
2017-12-03 13:14:50,521 - INFO - args: (<client.Client object at 0x01342EF0>,)  - connect - client
2017-12-04 15:12:27,411 - INFO - args: (<client.Client object at 0x08A51250>,)  - connect - client
2017-12-04 15:13:06,620 - INFO - args: (<client.Client object at 0x08B32210>,)  - connect - client
2017-12-04 15:13:58,259 - INFO - args: (<client.Client object at 0x08551210>,)  - connect - client
2017-12-04 15:14:15,681 - INFO - args: (<client.Client object at 0x085E11D0>,)  - connect - client
2017-12-04 19:41:46,893 - INFO - args: (<client.Client object at 0x09431170>,)  - connect - client
2017-12-05 14:54:29,575 - INFO - args: (<client.Client object at 0x07884CD0>,)  - connect - client
2017-12-05 14:55:29,988 - INFO - args: (<client.Client object at 0x086B5C30>,)  - connect - client
2017-12-09 13:53:33,831 - INFO - args: (<client.Client object at 0x092D7B70>,)  - connect - client
2017-12-09 15:46:47,309 - INFO - args: (<client.Client object at 0x09166C90>,)  - connect - client
2017-12-09 15:47:13,420 - INFO - args: (<client.Client object at 0x09AB5C70>,)  - connect - client
2017-12-10 19:10:55,119 - INFO - args: (<client.Client object at 0x09C08BD0>,)  - connect - client
2017-12-10 20:05:10,792 - INFO - args: (<client.Client object at 0x09D68B10>,)  - connect - client
